<?xml version="1.0" encoding="UTF-8"?>
<!-- Generated by org.testng.reporters.JUnitReportReporter -->
<testsuite hostname="DharakaSundar" failures="0" tests="2" name="WebTableTest.Test1" time="17.731" errors="0" timestamp="2024-08-15T11:58:47 IST" skipped="0">
  <testcase classname="WebTableTest.Test1" name="Test" time="14.836"/>
  <testcase classname="WebTableTest.Test1" name="Test2" time="2.895"/>
</testsuite> <!-- WebTableTest.Test1 -->
