<?xml version="1.0" encoding="UTF-8"?>
<!-- Generated by org.testng.reporters.JUnitReportReporter -->
<testsuite hostname="DharakaSundar" failures="0" tests="2" name="WebTableTest.Test1" time="20.918" errors="0" timestamp="2024-08-15T11:55:11 IST" skipped="0">
  <testcase classname="WebTableTest.Test1" name="Test" time="14.736"/>
  <testcase classname="WebTableTest.Test1" name="Test2" time="6.182"/>
</testsuite> <!-- WebTableTest.Test1 -->
