<?xml version="1.0" encoding="UTF-8"?>
<!-- Generated by org.testng.reporters.JUnitReportReporter -->
<testsuite hostname="DharakaSundar" failures="0" tests="1" name="WebTableTest.Test" time="7.412" errors="0" timestamp="2024-08-14T14:37:42 IST" skipped="0">
  <testcase classname="WebTableTest.Test" name="Demo" time="7.412"/>
</testsuite> <!-- WebTableTest.Test -->
